Number of parameters in Task1 Decoder: 698766
Traceback (most recent call last):
  File "/home/grads/v/vcskaushik9/ITSoc-DeepSense-6G-Machine-Learning-Challenge/Code/run.py", line 63, in <module>
    main(args)
  File "/home/grads/v/vcskaushik9/ITSoc-DeepSense-6G-Machine-Learning-Challenge/Code/run.py", line 37, in main
    train_losses,val_losses,avg_mse = task1_train(args)
                                      ^^^^^^^^^^^^^^^^^
  File "/home/grads/v/vcskaushik9/ITSoc-DeepSense-6G-Machine-Learning-Challenge/Code/task1.py", line 118, in task1_train
    y_pred=model(X_test[0].to(device),X_test[1].to(device),X_test[2].to(device),X_test[3].to(device),X_test[4].to(device), onoffdict)
           ^^^^^^^^^^^^^^^^^^^^^^^^^^^^^^^^^^^^^^^^^^^^^^^^^^^^^^^^^^^^^^^^^^^^^^^^^^^^^^^^^^^^^^^^^^^^^^^^^^^^^^^^^^^^^^^^^^^^^^^^^^
  File "/home/grads/v/vcskaushik9/anaconda3/envs/DeepSense_env/lib/python3.11/site-packages/torch/nn/modules/module.py", line 1518, in _wrapped_call_impl
    return self._call_impl(*args, **kwargs)
           ^^^^^^^^^^^^^^^^^^^^^^^^^^^^^^^^
  File "/home/grads/v/vcskaushik9/anaconda3/envs/DeepSense_env/lib/python3.11/site-packages/torch/nn/modules/module.py", line 1527, in _call_impl
    return forward_call(*args, **kwargs)
           ^^^^^^^^^^^^^^^^^^^^^^^^^^^^^
  File "/home/grads/v/vcskaushik9/ITSoc-DeepSense-6G-Machine-Learning-Challenge/Code/models.py", line 66, in forward
    right_out = self.rc(right)
                ^^^^^^^^^^^^^^
  File "/home/grads/v/vcskaushik9/anaconda3/envs/DeepSense_env/lib/python3.11/site-packages/torch/nn/modules/module.py", line 1518, in _wrapped_call_impl
    return self._call_impl(*args, **kwargs)
           ^^^^^^^^^^^^^^^^^^^^^^^^^^^^^^^^
  File "/home/grads/v/vcskaushik9/anaconda3/envs/DeepSense_env/lib/python3.11/site-packages/torch/nn/modules/module.py", line 1527, in _call_impl
    return forward_call(*args, **kwargs)
           ^^^^^^^^^^^^^^^^^^^^^^^^^^^^^
KeyboardInterrupt
